2023-05-12 15:35:30,649 [Worker-4: Loading available Gradle versions] INFO  o.e.b.c.i.u.g.PublishedGradleVersions - Gradle version information cache is up-to-date. Trying to read.
2023-05-12 15:40:12,835 [Worker-1: Loading available Gradle versions] INFO  o.e.b.c.i.u.g.PublishedGradleVersions - Gradle version information cache is up-to-date. Trying to read.
2023-05-13 10:14:03,055 [Worker-2: Loading available Gradle versions] INFO  o.e.b.c.i.u.g.PublishedGradleVersions - Gradle version information cache is out-of-date. Trying to update.
2023-05-15 10:25:36,346 [Worker-0: Loading available Gradle versions] INFO  o.e.b.c.i.u.g.PublishedGradleVersions - Gradle version information cache is out-of-date. Trying to update.
2023-05-15 14:46:48,928 [Worker-69: Building] INFO  o.e.m.c.i.l.LifecycleMappingFactory - Using org.eclipse.m2e.jdt.JarLifecycleMapping lifecycle mapping for MavenProject: Punto4:Punto4:0.0.1-SNAPSHOT @ C:\Users\michi\OneDrive\Escritorio\Universidad\POO2\TPAdapter\Punto4\pom.xml.
2023-05-15 14:46:54,000 [Worker-69: Building] WARN  o.e.m.c.i.embedder.EclipseLogger - Using platform encoding (Cp1252 actually) to copy filtered resources, i.e. build is platform dependent!
2023-05-15 14:46:54,002 [Worker-69: Building] INFO  o.e.m.c.i.embedder.EclipseLogger - skip non existing resourceDirectory C:\Users\michi\OneDrive\Escritorio\Universidad\POO2\TPAdapter\Punto4\src\main\resources
2023-05-15 14:46:54,008 [Worker-69: Building] WARN  o.e.m.c.i.embedder.EclipseLogger - Using platform encoding (Cp1252 actually) to copy filtered resources, i.e. build is platform dependent!
2023-05-15 14:46:54,009 [Worker-69: Building] INFO  o.e.m.c.i.embedder.EclipseLogger - skip non existing resourceDirectory C:\Users\michi\OneDrive\Escritorio\Universidad\POO2\TPAdapter\Punto4\src\test\resources
2023-05-15 14:46:54,736 [Worker-65: Enabling Maven Dependency Management] INFO  o.e.m.c.i.l.LifecycleMappingFactory - Using org.eclipse.m2e.jdt.JarLifecycleMapping lifecycle mapping for MavenProject: Punto4:Punto4:0.0.1-SNAPSHOT @ C:\Users\michi\OneDrive\Escritorio\Universidad\POO2\TPAdapter\Punto4\pom.xml.
2023-05-15 14:46:55,829 [Worker-71: Building] WARN  o.e.m.c.i.embedder.EclipseLogger - Using platform encoding (Cp1252 actually) to copy filtered resources, i.e. build is platform dependent!
2023-05-15 14:46:55,831 [Worker-71: Building] INFO  o.e.m.c.i.embedder.EclipseLogger - skip non existing resourceDirectory C:\Users\michi\OneDrive\Escritorio\Universidad\POO2\TPAdapter\Punto4\src\main\resources
2023-05-15 14:46:55,834 [Worker-71: Building] WARN  o.e.m.c.i.embedder.EclipseLogger - Using platform encoding (Cp1252 actually) to copy filtered resources, i.e. build is platform dependent!
2023-05-15 14:46:55,901 [Worker-71: Building] INFO  o.e.m.c.i.embedder.EclipseLogger - skip non existing resourceDirectory C:\Users\michi\OneDrive\Escritorio\Universidad\POO2\TPAdapter\Punto4\src\test\resources
2023-05-15 14:46:55,918 [Worker-65: Enabling Maven Dependency Management] INFO  o.e.m.j.i.AbstractJavaProjectConfigurator - Adding source folder /Punto4/domain
2023-05-15 14:46:55,921 [Worker-65: Enabling Maven Dependency Management] INFO  o.e.m.j.i.AbstractJavaProjectConfigurator - Adding source folder /Punto4/src/test/java
2023-05-15 14:46:56,731 [Worker-65: Enabling Maven Dependency Management] INFO  o.e.m.c.i.p.ProjectConfigurationManager - Update started
2023-05-15 14:46:57,963 [Worker-65: Enabling Maven Dependency Management] INFO  o.e.m.c.i.l.LifecycleMappingFactory - Using org.eclipse.m2e.jdt.JarLifecycleMapping lifecycle mapping for MavenProject: Punto4:Punto4:0.0.1-SNAPSHOT @ C:\Users\michi\OneDrive\Escritorio\Universidad\POO2\TPAdapter\Punto4\pom.xml.
2023-05-15 14:46:58,800 [Worker-66: Building] WARN  o.e.m.c.i.embedder.EclipseLogger - Using platform encoding (Cp1252 actually) to copy filtered resources, i.e. build is platform dependent!
2023-05-15 14:46:58,803 [Worker-66: Building] INFO  o.e.m.c.i.embedder.EclipseLogger - skip non existing resourceDirectory C:\Users\michi\OneDrive\Escritorio\Universidad\POO2\TPAdapter\Punto4\src\main\resources
2023-05-15 14:46:58,808 [Worker-66: Building] WARN  o.e.m.c.i.embedder.EclipseLogger - Using platform encoding (Cp1252 actually) to copy filtered resources, i.e. build is platform dependent!
2023-05-15 14:46:58,810 [Worker-66: Building] INFO  o.e.m.c.i.embedder.EclipseLogger - skip non existing resourceDirectory C:\Users\michi\OneDrive\Escritorio\Universidad\POO2\TPAdapter\Punto4\src\test\resources
2023-05-15 14:46:58,827 [Worker-65: Enabling Maven Dependency Management] INFO  o.e.m.j.i.AbstractJavaProjectConfigurator - Adding source folder /Punto4/domain
2023-05-15 14:46:58,828 [Worker-65: Enabling Maven Dependency Management] INFO  o.e.m.j.i.AbstractJavaProjectConfigurator - Adding source folder /Punto4/src/test/java
2023-05-15 14:46:58,927 [Worker-65: Enabling Maven Dependency Management] INFO  o.e.m.c.i.p.ProjectConfigurationManager - Update completed: 2 sec
2023-05-15 14:46:59,931 [Worker-72: Building] WARN  o.e.m.c.i.embedder.EclipseLogger - Using platform encoding (Cp1252 actually) to copy filtered resources, i.e. build is platform dependent!
2023-05-15 14:46:59,933 [Worker-72: Building] INFO  o.e.m.c.i.embedder.EclipseLogger - skip non existing resourceDirectory C:\Users\michi\OneDrive\Escritorio\Universidad\POO2\TPAdapter\Punto4\src\main\resources
2023-05-15 14:46:59,936 [Worker-72: Building] WARN  o.e.m.c.i.embedder.EclipseLogger - Using platform encoding (Cp1252 actually) to copy filtered resources, i.e. build is platform dependent!
2023-05-15 14:46:59,939 [Worker-72: Building] INFO  o.e.m.c.i.embedder.EclipseLogger - skip non existing resourceDirectory C:\Users\michi\OneDrive\Escritorio\Universidad\POO2\TPAdapter\Punto4\src\test\resources
2023-05-15 14:50:40,349 [Worker-71: Building] INFO  o.e.m.c.i.l.LifecycleMappingFactory - Using org.eclipse.m2e.jdt.JarLifecycleMapping lifecycle mapping for MavenProject: Punto4:Punto4:0.0.1-SNAPSHOT @ C:\Users\michi\OneDrive\Escritorio\Universidad\POO2\TPAdapter\Punto4\pom.xml.
2023-05-15 14:50:40,954 [Worker-71: Building] WARN  o.e.m.c.i.embedder.EclipseLogger - Using platform encoding (Cp1252 actually) to copy filtered resources, i.e. build is platform dependent!
2023-05-15 14:50:40,956 [Worker-71: Building] INFO  o.e.m.c.i.embedder.EclipseLogger - skip non existing resourceDirectory C:\Users\michi\OneDrive\Escritorio\Universidad\POO2\TPAdapter\Punto4\src\main\resources
2023-05-15 14:50:40,959 [Worker-71: Building] WARN  o.e.m.c.i.embedder.EclipseLogger - Using platform encoding (Cp1252 actually) to copy filtered resources, i.e. build is platform dependent!
2023-05-15 14:50:40,997 [Worker-71: Building] INFO  o.e.m.c.i.embedder.EclipseLogger - skip non existing resourceDirectory C:\Users\michi\OneDrive\Escritorio\Universidad\POO2\TPAdapter\Punto4\src\test\resources
2023-05-15 14:50:42,280 [Worker-73: Building] WARN  o.e.m.c.i.embedder.EclipseLogger - Using platform encoding (Cp1252 actually) to copy filtered resources, i.e. build is platform dependent!
2023-05-15 14:50:42,282 [Worker-73: Building] INFO  o.e.m.c.i.embedder.EclipseLogger - skip non existing resourceDirectory C:\Users\michi\OneDrive\Escritorio\Universidad\POO2\TPAdapter\Punto4\src\main\resources
2023-05-15 14:50:42,285 [Worker-73: Building] WARN  o.e.m.c.i.embedder.EclipseLogger - Using platform encoding (Cp1252 actually) to copy filtered resources, i.e. build is platform dependent!
2023-05-15 14:50:42,286 [Worker-73: Building] INFO  o.e.m.c.i.embedder.EclipseLogger - skip non existing resourceDirectory C:\Users\michi\OneDrive\Escritorio\Universidad\POO2\TPAdapter\Punto4\src\test\resources
2023-05-15 14:50:43,143 [Worker-74: Download sources and javadoc] INFO  o.e.m.c.i.e.AbstractTransferListenerAdapter - Downloading https://repo.maven.apache.org/maven2/com/squareup/okhttp3/okhttp/4.9.1/okhttp-4.9.1-sources.jar
2023-05-15 14:50:44,388 [Worker-74: Download sources and javadoc] INFO  o.e.m.c.i.e.AbstractTransferListenerAdapter - Downloaded https://repo.maven.apache.org/maven2/com/squareup/okhttp3/okhttp/4.9.1/okhttp-4.9.1-sources.jar
2023-05-15 14:50:44,397 [Worker-74: Download sources and javadoc] INFO  o.e.m.j.internal.DownloadSourcesJob - Downloaded sources for com.squareup.okhttp3:okhttp:4.9.1
2023-05-15 14:50:45,117 [Worker-74: Download sources and javadoc] INFO  o.e.m.c.i.e.AbstractTransferListenerAdapter - Downloading https://repo.maven.apache.org/maven2/com/squareup/okio/okio/2.8.0/okio-2.8.0-sources.jar
2023-05-15 14:50:45,668 [Worker-74: Download sources and javadoc] INFO  o.e.m.c.i.e.AbstractTransferListenerAdapter - Downloaded https://repo.maven.apache.org/maven2/com/squareup/okio/okio/2.8.0/okio-2.8.0-sources.jar
2023-05-15 14:50:45,674 [Worker-74: Download sources and javadoc] INFO  o.e.m.j.internal.DownloadSourcesJob - Downloaded sources for com.squareup.okio:okio:2.8.0
2023-05-15 14:50:46,360 [Worker-74: Download sources and javadoc] INFO  o.e.m.c.i.e.AbstractTransferListenerAdapter - Downloading https://repo.maven.apache.org/maven2/org/jetbrains/kotlin/kotlin-stdlib/1.4.10/kotlin-stdlib-1.4.10-sources.jar
2023-05-15 14:50:47,235 [Worker-74: Download sources and javadoc] INFO  o.e.m.c.i.e.AbstractTransferListenerAdapter - Downloaded https://repo.maven.apache.org/maven2/org/jetbrains/kotlin/kotlin-stdlib/1.4.10/kotlin-stdlib-1.4.10-sources.jar
2023-05-15 14:50:47,240 [Worker-74: Download sources and javadoc] INFO  o.e.m.j.internal.DownloadSourcesJob - Downloaded sources for org.jetbrains.kotlin:kotlin-stdlib:1.4.10
2023-05-15 14:50:47,952 [Worker-74: Download sources and javadoc] INFO  o.e.m.c.i.e.AbstractTransferListenerAdapter - Downloading https://repo.maven.apache.org/maven2/org/jetbrains/kotlin/kotlin-stdlib-common/1.4.0/kotlin-stdlib-common-1.4.0-sources.jar
2023-05-15 14:50:49,078 [Worker-74: Download sources and javadoc] INFO  o.e.m.c.i.e.AbstractTransferListenerAdapter - Downloaded https://repo.maven.apache.org/maven2/org/jetbrains/kotlin/kotlin-stdlib-common/1.4.0/kotlin-stdlib-common-1.4.0-sources.jar
2023-05-15 14:50:49,086 [Worker-74: Download sources and javadoc] INFO  o.e.m.j.internal.DownloadSourcesJob - Downloaded sources for org.jetbrains.kotlin:kotlin-stdlib-common:1.4.0
2023-05-15 14:50:49,416 [Worker-75: Building] WARN  o.e.m.c.i.embedder.EclipseLogger - Using platform encoding (Cp1252 actually) to copy filtered resources, i.e. build is platform dependent!
2023-05-15 14:50:49,418 [Worker-75: Building] INFO  o.e.m.c.i.embedder.EclipseLogger - skip non existing resourceDirectory C:\Users\michi\OneDrive\Escritorio\Universidad\POO2\TPAdapter\Punto4\src\main\resources
2023-05-15 14:50:49,421 [Worker-75: Building] WARN  o.e.m.c.i.embedder.EclipseLogger - Using platform encoding (Cp1252 actually) to copy filtered resources, i.e. build is platform dependent!
2023-05-15 14:50:49,422 [Worker-75: Building] INFO  o.e.m.c.i.embedder.EclipseLogger - skip non existing resourceDirectory C:\Users\michi\OneDrive\Escritorio\Universidad\POO2\TPAdapter\Punto4\src\test\resources
2023-05-15 14:50:56,219 [Worker-73: Building] INFO  o.e.m.c.i.l.LifecycleMappingFactory - Using org.eclipse.m2e.jdt.JarLifecycleMapping lifecycle mapping for MavenProject: Punto4:Punto4:0.0.1-SNAPSHOT @ C:\Users\michi\OneDrive\Escritorio\Universidad\POO2\TPAdapter\Punto4\pom.xml.
2023-05-15 14:50:56,601 [Worker-73: Building] WARN  o.e.m.c.i.embedder.EclipseLogger - Using platform encoding (Cp1252 actually) to copy filtered resources, i.e. build is platform dependent!
2023-05-15 14:50:56,603 [Worker-73: Building] INFO  o.e.m.c.i.embedder.EclipseLogger - skip non existing resourceDirectory C:\Users\michi\OneDrive\Escritorio\Universidad\POO2\TPAdapter\Punto4\src\main\resources
2023-05-15 14:50:56,608 [Worker-73: Building] WARN  o.e.m.c.i.embedder.EclipseLogger - Using platform encoding (Cp1252 actually) to copy filtered resources, i.e. build is platform dependent!
2023-05-15 14:50:56,609 [Worker-73: Building] INFO  o.e.m.c.i.embedder.EclipseLogger - skip non existing resourceDirectory C:\Users\michi\OneDrive\Escritorio\Universidad\POO2\TPAdapter\Punto4\src\test\resources
2023-05-15 14:50:57,752 [Worker-67: Building] WARN  o.e.m.c.i.embedder.EclipseLogger - Using platform encoding (Cp1252 actually) to copy filtered resources, i.e. build is platform dependent!
2023-05-15 14:50:57,754 [Worker-67: Building] INFO  o.e.m.c.i.embedder.EclipseLogger - skip non existing resourceDirectory C:\Users\michi\OneDrive\Escritorio\Universidad\POO2\TPAdapter\Punto4\src\main\resources
2023-05-15 14:50:57,756 [Worker-67: Building] WARN  o.e.m.c.i.embedder.EclipseLogger - Using platform encoding (Cp1252 actually) to copy filtered resources, i.e. build is platform dependent!
2023-05-15 14:50:57,758 [Worker-67: Building] INFO  o.e.m.c.i.embedder.EclipseLogger - skip non existing resourceDirectory C:\Users\michi\OneDrive\Escritorio\Universidad\POO2\TPAdapter\Punto4\src\test\resources
2023-05-15 14:51:09,592 [Worker-71: Building] WARN  o.e.m.c.i.embedder.EclipseLogger - Using platform encoding (Cp1252 actually) to copy filtered resources, i.e. build is platform dependent!
2023-05-15 14:51:09,594 [Worker-71: Building] INFO  o.e.m.c.i.embedder.EclipseLogger - skip non existing resourceDirectory C:\Users\michi\OneDrive\Escritorio\Universidad\POO2\TPAdapter\Punto4\src\main\resources
2023-05-15 14:51:09,597 [Worker-71: Building] WARN  o.e.m.c.i.embedder.EclipseLogger - Using platform encoding (Cp1252 actually) to copy filtered resources, i.e. build is platform dependent!
2023-05-15 14:51:09,598 [Worker-71: Building] INFO  o.e.m.c.i.embedder.EclipseLogger - skip non existing resourceDirectory C:\Users\michi\OneDrive\Escritorio\Universidad\POO2\TPAdapter\Punto4\src\test\resources
2023-05-15 14:51:23,212 [Worker-74: Building] WARN  o.e.m.c.i.embedder.EclipseLogger - Using platform encoding (Cp1252 actually) to copy filtered resources, i.e. build is platform dependent!
2023-05-15 14:51:23,214 [Worker-74: Building] INFO  o.e.m.c.i.embedder.EclipseLogger - skip non existing resourceDirectory C:\Users\michi\OneDrive\Escritorio\Universidad\POO2\TPAdapter\Punto4\src\main\resources
2023-05-15 14:51:23,219 [Worker-74: Building] WARN  o.e.m.c.i.embedder.EclipseLogger - Using platform encoding (Cp1252 actually) to copy filtered resources, i.e. build is platform dependent!
2023-05-15 14:51:23,220 [Worker-74: Building] INFO  o.e.m.c.i.embedder.EclipseLogger - skip non existing resourceDirectory C:\Users\michi\OneDrive\Escritorio\Universidad\POO2\TPAdapter\Punto4\src\test\resources
2023-05-15 14:51:30,449 [Worker-67: Building] WARN  o.e.m.c.i.embedder.EclipseLogger - Using platform encoding (Cp1252 actually) to copy filtered resources, i.e. build is platform dependent!
2023-05-15 14:51:30,451 [Worker-67: Building] INFO  o.e.m.c.i.embedder.EclipseLogger - skip non existing resourceDirectory C:\Users\michi\OneDrive\Escritorio\Universidad\POO2\TPAdapter\Punto4\src\main\resources
2023-05-15 14:51:30,454 [Worker-67: Building] WARN  o.e.m.c.i.embedder.EclipseLogger - Using platform encoding (Cp1252 actually) to copy filtered resources, i.e. build is platform dependent!
2023-05-15 14:51:30,455 [Worker-67: Building] INFO  o.e.m.c.i.embedder.EclipseLogger - skip non existing resourceDirectory C:\Users\michi\OneDrive\Escritorio\Universidad\POO2\TPAdapter\Punto4\src\test\resources
2023-05-15 16:46:17,292 [Worker-74: Building] WARN  o.e.m.c.i.embedder.EclipseLogger - Using platform encoding (Cp1252 actually) to copy filtered resources, i.e. build is platform dependent!
2023-05-15 16:46:17,294 [Worker-74: Building] INFO  o.e.m.c.i.embedder.EclipseLogger - skip non existing resourceDirectory C:\Users\michi\OneDrive\Escritorio\Universidad\POO2\TPAdapter\Punto4\src\main\resources
2023-05-15 16:46:17,300 [Worker-74: Building] WARN  o.e.m.c.i.embedder.EclipseLogger - Using platform encoding (Cp1252 actually) to copy filtered resources, i.e. build is platform dependent!
2023-05-15 16:46:17,304 [Worker-74: Building] INFO  o.e.m.c.i.embedder.EclipseLogger - skip non existing resourceDirectory C:\Users\michi\OneDrive\Escritorio\Universidad\POO2\TPAdapter\Punto4\src\test\resources
2023-05-15 16:46:50,553 [Worker-80: Building] WARN  o.e.m.c.i.embedder.EclipseLogger - Using platform encoding (Cp1252 actually) to copy filtered resources, i.e. build is platform dependent!
2023-05-15 16:46:50,555 [Worker-80: Building] INFO  o.e.m.c.i.embedder.EclipseLogger - skip non existing resourceDirectory C:\Users\michi\OneDrive\Escritorio\Universidad\POO2\TPAdapter\Punto4\src\main\resources
2023-05-15 16:46:50,557 [Worker-80: Building] WARN  o.e.m.c.i.embedder.EclipseLogger - Using platform encoding (Cp1252 actually) to copy filtered resources, i.e. build is platform dependent!
2023-05-15 16:46:50,558 [Worker-80: Building] INFO  o.e.m.c.i.embedder.EclipseLogger - skip non existing resourceDirectory C:\Users\michi\OneDrive\Escritorio\Universidad\POO2\TPAdapter\Punto4\src\test\resources
2023-05-15 16:47:01,531 [Worker-74: Building] WARN  o.e.m.c.i.embedder.EclipseLogger - Using platform encoding (Cp1252 actually) to copy filtered resources, i.e. build is platform dependent!
2023-05-15 16:47:01,533 [Worker-74: Building] INFO  o.e.m.c.i.embedder.EclipseLogger - skip non existing resourceDirectory C:\Users\michi\OneDrive\Escritorio\Universidad\POO2\TPAdapter\Punto4\src\main\resources
2023-05-15 16:47:01,537 [Worker-74: Building] WARN  o.e.m.c.i.embedder.EclipseLogger - Using platform encoding (Cp1252 actually) to copy filtered resources, i.e. build is platform dependent!
2023-05-15 16:47:01,538 [Worker-74: Building] INFO  o.e.m.c.i.embedder.EclipseLogger - skip non existing resourceDirectory C:\Users\michi\OneDrive\Escritorio\Universidad\POO2\TPAdapter\Punto4\src\test\resources
2023-05-15 16:47:11,724 [Worker-78: Building] WARN  o.e.m.c.i.embedder.EclipseLogger - Using platform encoding (Cp1252 actually) to copy filtered resources, i.e. build is platform dependent!
2023-05-15 16:47:11,726 [Worker-78: Building] INFO  o.e.m.c.i.embedder.EclipseLogger - skip non existing resourceDirectory C:\Users\michi\OneDrive\Escritorio\Universidad\POO2\TPAdapter\Punto4\src\main\resources
2023-05-15 16:47:11,729 [Worker-78: Building] WARN  o.e.m.c.i.embedder.EclipseLogger - Using platform encoding (Cp1252 actually) to copy filtered resources, i.e. build is platform dependent!
2023-05-15 16:47:11,731 [Worker-78: Building] INFO  o.e.m.c.i.embedder.EclipseLogger - skip non existing resourceDirectory C:\Users\michi\OneDrive\Escritorio\Universidad\POO2\TPAdapter\Punto4\src\test\resources
2023-05-15 16:47:23,113 [Worker-80: Building] WARN  o.e.m.c.i.embedder.EclipseLogger - Using platform encoding (Cp1252 actually) to copy filtered resources, i.e. build is platform dependent!
2023-05-15 16:47:23,115 [Worker-80: Building] INFO  o.e.m.c.i.embedder.EclipseLogger - skip non existing resourceDirectory C:\Users\michi\OneDrive\Escritorio\Universidad\POO2\TPAdapter\Punto4\src\main\resources
2023-05-15 16:47:23,117 [Worker-80: Building] WARN  o.e.m.c.i.embedder.EclipseLogger - Using platform encoding (Cp1252 actually) to copy filtered resources, i.e. build is platform dependent!
2023-05-15 16:47:23,119 [Worker-80: Building] INFO  o.e.m.c.i.embedder.EclipseLogger - skip non existing resourceDirectory C:\Users\michi\OneDrive\Escritorio\Universidad\POO2\TPAdapter\Punto4\src\test\resources
2023-05-15 16:47:42,393 [Worker-74: Building] WARN  o.e.m.c.i.embedder.EclipseLogger - Using platform encoding (Cp1252 actually) to copy filtered resources, i.e. build is platform dependent!
2023-05-15 16:47:42,395 [Worker-74: Building] INFO  o.e.m.c.i.embedder.EclipseLogger - skip non existing resourceDirectory C:\Users\michi\OneDrive\Escritorio\Universidad\POO2\TPAdapter\Punto4\src\main\resources
2023-05-15 16:47:42,396 [Worker-74: Building] WARN  o.e.m.c.i.embedder.EclipseLogger - Using platform encoding (Cp1252 actually) to copy filtered resources, i.e. build is platform dependent!
2023-05-15 16:47:42,398 [Worker-74: Building] INFO  o.e.m.c.i.embedder.EclipseLogger - skip non existing resourceDirectory C:\Users\michi\OneDrive\Escritorio\Universidad\POO2\TPAdapter\Punto4\src\test\resources
2023-05-15 16:49:53,803 [Worker-82: Building] WARN  o.e.m.c.i.embedder.EclipseLogger - Using platform encoding (Cp1252 actually) to copy filtered resources, i.e. build is platform dependent!
2023-05-15 16:49:53,807 [Worker-82: Building] INFO  o.e.m.c.i.embedder.EclipseLogger - skip non existing resourceDirectory C:\Users\michi\OneDrive\Escritorio\Universidad\POO2\TPAdapter\Punto4\src\main\resources
2023-05-15 16:49:53,809 [Worker-82: Building] WARN  o.e.m.c.i.embedder.EclipseLogger - Using platform encoding (Cp1252 actually) to copy filtered resources, i.e. build is platform dependent!
2023-05-15 16:49:53,810 [Worker-82: Building] INFO  o.e.m.c.i.embedder.EclipseLogger - skip non existing resourceDirectory C:\Users\michi\OneDrive\Escritorio\Universidad\POO2\TPAdapter\Punto4\src\test\resources
2023-05-15 16:49:54,851 [Worker-82: Building] WARN  o.e.m.c.i.embedder.EclipseLogger - Using platform encoding (Cp1252 actually) to copy filtered resources, i.e. build is platform dependent!
2023-05-15 16:49:54,854 [Worker-82: Building] INFO  o.e.m.c.i.embedder.EclipseLogger - skip non existing resourceDirectory C:\Users\michi\OneDrive\Escritorio\Universidad\POO2\TPAdapter\Punto4\src\main\resources
2023-05-15 16:49:54,857 [Worker-82: Building] WARN  o.e.m.c.i.embedder.EclipseLogger - Using platform encoding (Cp1252 actually) to copy filtered resources, i.e. build is platform dependent!
2023-05-15 16:49:54,859 [Worker-82: Building] INFO  o.e.m.c.i.embedder.EclipseLogger - skip non existing resourceDirectory C:\Users\michi\OneDrive\Escritorio\Universidad\POO2\TPAdapter\Punto4\src\test\resources
2023-05-15 16:50:11,936 [Worker-74: Building] WARN  o.e.m.c.i.embedder.EclipseLogger - Using platform encoding (Cp1252 actually) to copy filtered resources, i.e. build is platform dependent!
2023-05-15 16:50:11,938 [Worker-74: Building] INFO  o.e.m.c.i.embedder.EclipseLogger - skip non existing resourceDirectory C:\Users\michi\OneDrive\Escritorio\Universidad\POO2\TPAdapter\Punto4\src\main\resources
2023-05-15 16:50:11,940 [Worker-74: Building] WARN  o.e.m.c.i.embedder.EclipseLogger - Using platform encoding (Cp1252 actually) to copy filtered resources, i.e. build is platform dependent!
2023-05-15 16:50:11,941 [Worker-74: Building] INFO  o.e.m.c.i.embedder.EclipseLogger - skip non existing resourceDirectory C:\Users\michi\OneDrive\Escritorio\Universidad\POO2\TPAdapter\Punto4\src\test\resources
2023-05-15 16:51:28,884 [Worker-84: Building] WARN  o.e.m.c.i.embedder.EclipseLogger - Using platform encoding (Cp1252 actually) to copy filtered resources, i.e. build is platform dependent!
2023-05-15 16:51:28,885 [Worker-84: Building] INFO  o.e.m.c.i.embedder.EclipseLogger - skip non existing resourceDirectory C:\Users\michi\OneDrive\Escritorio\Universidad\POO2\TPAdapter\Punto4\src\main\resources
2023-05-15 16:51:28,887 [Worker-84: Building] WARN  o.e.m.c.i.embedder.EclipseLogger - Using platform encoding (Cp1252 actually) to copy filtered resources, i.e. build is platform dependent!
2023-05-15 16:51:28,889 [Worker-84: Building] INFO  o.e.m.c.i.embedder.EclipseLogger - skip non existing resourceDirectory C:\Users\michi\OneDrive\Escritorio\Universidad\POO2\TPAdapter\Punto4\src\test\resources
2023-05-15 16:51:47,019 [Worker-78: Building] WARN  o.e.m.c.i.embedder.EclipseLogger - Using platform encoding (Cp1252 actually) to copy filtered resources, i.e. build is platform dependent!
2023-05-15 16:51:47,021 [Worker-78: Building] INFO  o.e.m.c.i.embedder.EclipseLogger - skip non existing resourceDirectory C:\Users\michi\OneDrive\Escritorio\Universidad\POO2\TPAdapter\Punto4\src\main\resources
2023-05-15 16:51:47,024 [Worker-78: Building] WARN  o.e.m.c.i.embedder.EclipseLogger - Using platform encoding (Cp1252 actually) to copy filtered resources, i.e. build is platform dependent!
2023-05-15 16:51:47,026 [Worker-78: Building] INFO  o.e.m.c.i.embedder.EclipseLogger - skip non existing resourceDirectory C:\Users\michi\OneDrive\Escritorio\Universidad\POO2\TPAdapter\Punto4\src\test\resources
2023-05-15 16:51:53,903 [Worker-78: Building] WARN  o.e.m.c.i.embedder.EclipseLogger - Using platform encoding (Cp1252 actually) to copy filtered resources, i.e. build is platform dependent!
2023-05-15 16:51:53,905 [Worker-78: Building] INFO  o.e.m.c.i.embedder.EclipseLogger - skip non existing resourceDirectory C:\Users\michi\OneDrive\Escritorio\Universidad\POO2\TPAdapter\Punto4\src\main\resources
2023-05-15 16:51:53,909 [Worker-78: Building] WARN  o.e.m.c.i.embedder.EclipseLogger - Using platform encoding (Cp1252 actually) to copy filtered resources, i.e. build is platform dependent!
2023-05-15 16:51:53,911 [Worker-78: Building] INFO  o.e.m.c.i.embedder.EclipseLogger - skip non existing resourceDirectory C:\Users\michi\OneDrive\Escritorio\Universidad\POO2\TPAdapter\Punto4\src\test\resources
2023-05-15 16:52:01,521 [Worker-83: Building] WARN  o.e.m.c.i.embedder.EclipseLogger - Using platform encoding (Cp1252 actually) to copy filtered resources, i.e. build is platform dependent!
2023-05-15 16:52:01,523 [Worker-83: Building] INFO  o.e.m.c.i.embedder.EclipseLogger - skip non existing resourceDirectory C:\Users\michi\OneDrive\Escritorio\Universidad\POO2\TPAdapter\Punto4\src\main\resources
2023-05-15 16:52:01,525 [Worker-83: Building] WARN  o.e.m.c.i.embedder.EclipseLogger - Using platform encoding (Cp1252 actually) to copy filtered resources, i.e. build is platform dependent!
2023-05-15 16:52:01,526 [Worker-83: Building] INFO  o.e.m.c.i.embedder.EclipseLogger - skip non existing resourceDirectory C:\Users\michi\OneDrive\Escritorio\Universidad\POO2\TPAdapter\Punto4\src\test\resources
2023-05-15 16:53:19,892 [Worker-82: Building] WARN  o.e.m.c.i.embedder.EclipseLogger - Using platform encoding (Cp1252 actually) to copy filtered resources, i.e. build is platform dependent!
2023-05-15 16:53:19,894 [Worker-82: Building] INFO  o.e.m.c.i.embedder.EclipseLogger - skip non existing resourceDirectory C:\Users\michi\OneDrive\Escritorio\Universidad\POO2\TPAdapter\Punto4\src\main\resources
2023-05-15 16:53:19,897 [Worker-82: Building] WARN  o.e.m.c.i.embedder.EclipseLogger - Using platform encoding (Cp1252 actually) to copy filtered resources, i.e. build is platform dependent!
2023-05-15 16:53:19,898 [Worker-82: Building] INFO  o.e.m.c.i.embedder.EclipseLogger - skip non existing resourceDirectory C:\Users\michi\OneDrive\Escritorio\Universidad\POO2\TPAdapter\Punto4\src\test\resources
2023-05-15 16:59:21,968 [Worker-87: Building] WARN  o.e.m.c.i.embedder.EclipseLogger - Using platform encoding (Cp1252 actually) to copy filtered resources, i.e. build is platform dependent!
2023-05-15 16:59:21,971 [Worker-87: Building] INFO  o.e.m.c.i.embedder.EclipseLogger - skip non existing resourceDirectory C:\Users\michi\OneDrive\Escritorio\Universidad\POO2\TPAdapter\Punto4\src\main\resources
2023-05-15 16:59:21,973 [Worker-87: Building] WARN  o.e.m.c.i.embedder.EclipseLogger - Using platform encoding (Cp1252 actually) to copy filtered resources, i.e. build is platform dependent!
2023-05-15 16:59:21,975 [Worker-87: Building] INFO  o.e.m.c.i.embedder.EclipseLogger - skip non existing resourceDirectory C:\Users\michi\OneDrive\Escritorio\Universidad\POO2\TPAdapter\Punto4\src\test\resources
2023-05-15 17:00:14,802 [Worker-86: Building] WARN  o.e.m.c.i.embedder.EclipseLogger - Using platform encoding (Cp1252 actually) to copy filtered resources, i.e. build is platform dependent!
2023-05-15 17:00:14,803 [Worker-86: Building] INFO  o.e.m.c.i.embedder.EclipseLogger - skip non existing resourceDirectory C:\Users\michi\OneDrive\Escritorio\Universidad\POO2\TPAdapter\Punto4\src\main\resources
2023-05-15 17:00:14,808 [Worker-86: Building] WARN  o.e.m.c.i.embedder.EclipseLogger - Using platform encoding (Cp1252 actually) to copy filtered resources, i.e. build is platform dependent!
2023-05-15 17:00:14,811 [Worker-86: Building] INFO  o.e.m.c.i.embedder.EclipseLogger - skip non existing resourceDirectory C:\Users\michi\OneDrive\Escritorio\Universidad\POO2\TPAdapter\Punto4\src\test\resources
2023-05-15 17:00:26,647 [Worker-86: Building] WARN  o.e.m.c.i.embedder.EclipseLogger - Using platform encoding (Cp1252 actually) to copy filtered resources, i.e. build is platform dependent!
2023-05-15 17:00:26,649 [Worker-86: Building] INFO  o.e.m.c.i.embedder.EclipseLogger - skip non existing resourceDirectory C:\Users\michi\OneDrive\Escritorio\Universidad\POO2\TPAdapter\Punto4\src\main\resources
2023-05-15 17:00:26,651 [Worker-86: Building] WARN  o.e.m.c.i.embedder.EclipseLogger - Using platform encoding (Cp1252 actually) to copy filtered resources, i.e. build is platform dependent!
2023-05-15 17:00:26,653 [Worker-86: Building] INFO  o.e.m.c.i.embedder.EclipseLogger - skip non existing resourceDirectory C:\Users\michi\OneDrive\Escritorio\Universidad\POO2\TPAdapter\Punto4\src\test\resources
2023-05-15 17:00:44,145 [Worker-85: Building] WARN  o.e.m.c.i.embedder.EclipseLogger - Using platform encoding (Cp1252 actually) to copy filtered resources, i.e. build is platform dependent!
2023-05-15 17:00:44,147 [Worker-85: Building] INFO  o.e.m.c.i.embedder.EclipseLogger - skip non existing resourceDirectory C:\Users\michi\OneDrive\Escritorio\Universidad\POO2\TPAdapter\Punto4\src\main\resources
2023-05-15 17:00:44,149 [Worker-85: Building] WARN  o.e.m.c.i.embedder.EclipseLogger - Using platform encoding (Cp1252 actually) to copy filtered resources, i.e. build is platform dependent!
2023-05-15 17:00:44,150 [Worker-85: Building] INFO  o.e.m.c.i.embedder.EclipseLogger - skip non existing resourceDirectory C:\Users\michi\OneDrive\Escritorio\Universidad\POO2\TPAdapter\Punto4\src\test\resources
2023-05-15 17:01:04,789 [Worker-88: Building] WARN  o.e.m.c.i.embedder.EclipseLogger - Using platform encoding (Cp1252 actually) to copy filtered resources, i.e. build is platform dependent!
2023-05-15 17:01:04,791 [Worker-88: Building] INFO  o.e.m.c.i.embedder.EclipseLogger - skip non existing resourceDirectory C:\Users\michi\OneDrive\Escritorio\Universidad\POO2\TPAdapter\Punto4\src\main\resources
2023-05-15 17:01:04,793 [Worker-88: Building] WARN  o.e.m.c.i.embedder.EclipseLogger - Using platform encoding (Cp1252 actually) to copy filtered resources, i.e. build is platform dependent!
2023-05-15 17:01:04,794 [Worker-88: Building] INFO  o.e.m.c.i.embedder.EclipseLogger - skip non existing resourceDirectory C:\Users\michi\OneDrive\Escritorio\Universidad\POO2\TPAdapter\Punto4\src\test\resources
2023-05-15 17:01:45,485 [Worker-85: Building] WARN  o.e.m.c.i.embedder.EclipseLogger - Using platform encoding (Cp1252 actually) to copy filtered resources, i.e. build is platform dependent!
2023-05-15 17:01:45,487 [Worker-85: Building] INFO  o.e.m.c.i.embedder.EclipseLogger - skip non existing resourceDirectory C:\Users\michi\OneDrive\Escritorio\Universidad\POO2\TPAdapter\Punto4\src\main\resources
2023-05-15 17:01:45,489 [Worker-85: Building] WARN  o.e.m.c.i.embedder.EclipseLogger - Using platform encoding (Cp1252 actually) to copy filtered resources, i.e. build is platform dependent!
2023-05-15 17:01:45,491 [Worker-85: Building] INFO  o.e.m.c.i.embedder.EclipseLogger - skip non existing resourceDirectory C:\Users\michi\OneDrive\Escritorio\Universidad\POO2\TPAdapter\Punto4\src\test\resources
2023-05-15 17:01:47,232 [Worker-87: Building] WARN  o.e.m.c.i.embedder.EclipseLogger - Using platform encoding (Cp1252 actually) to copy filtered resources, i.e. build is platform dependent!
2023-05-15 17:01:47,234 [Worker-87: Building] INFO  o.e.m.c.i.embedder.EclipseLogger - skip non existing resourceDirectory C:\Users\michi\OneDrive\Escritorio\Universidad\POO2\TPAdapter\Punto4\src\main\resources
2023-05-15 17:01:47,236 [Worker-87: Building] WARN  o.e.m.c.i.embedder.EclipseLogger - Using platform encoding (Cp1252 actually) to copy filtered resources, i.e. build is platform dependent!
2023-05-15 17:01:47,237 [Worker-87: Building] INFO  o.e.m.c.i.embedder.EclipseLogger - skip non existing resourceDirectory C:\Users\michi\OneDrive\Escritorio\Universidad\POO2\TPAdapter\Punto4\src\test\resources
2023-05-15 17:01:57,027 [Worker-88: Building] WARN  o.e.m.c.i.embedder.EclipseLogger - Using platform encoding (Cp1252 actually) to copy filtered resources, i.e. build is platform dependent!
2023-05-15 17:01:57,029 [Worker-88: Building] INFO  o.e.m.c.i.embedder.EclipseLogger - skip non existing resourceDirectory C:\Users\michi\OneDrive\Escritorio\Universidad\POO2\TPAdapter\Punto4\src\main\resources
2023-05-15 17:01:57,031 [Worker-88: Building] WARN  o.e.m.c.i.embedder.EclipseLogger - Using platform encoding (Cp1252 actually) to copy filtered resources, i.e. build is platform dependent!
2023-05-15 17:01:57,033 [Worker-88: Building] INFO  o.e.m.c.i.embedder.EclipseLogger - skip non existing resourceDirectory C:\Users\michi\OneDrive\Escritorio\Universidad\POO2\TPAdapter\Punto4\src\test\resources
2023-05-15 17:02:45,006 [Worker-88: Building] WARN  o.e.m.c.i.embedder.EclipseLogger - Using platform encoding (Cp1252 actually) to copy filtered resources, i.e. build is platform dependent!
2023-05-15 17:02:45,007 [Worker-88: Building] INFO  o.e.m.c.i.embedder.EclipseLogger - skip non existing resourceDirectory C:\Users\michi\OneDrive\Escritorio\Universidad\POO2\TPAdapter\Punto4\src\main\resources
2023-05-15 17:02:45,010 [Worker-88: Building] WARN  o.e.m.c.i.embedder.EclipseLogger - Using platform encoding (Cp1252 actually) to copy filtered resources, i.e. build is platform dependent!
2023-05-15 17:02:45,011 [Worker-88: Building] INFO  o.e.m.c.i.embedder.EclipseLogger - skip non existing resourceDirectory C:\Users\michi\OneDrive\Escritorio\Universidad\POO2\TPAdapter\Punto4\src\test\resources
2023-05-15 17:04:54,959 [Worker-87: Building] INFO  o.e.m.c.i.l.LifecycleMappingFactory - Using org.eclipse.m2e.jdt.JarLifecycleMapping lifecycle mapping for MavenProject: Punto4:Punto4:0.0.1-SNAPSHOT @ C:\Users\michi\OneDrive\Escritorio\Universidad\POO2\TPAdapter\Punto4\pom.xml.
2023-05-15 17:04:56,138 [Worker-87: Building] INFO  o.e.m.c.i.e.AbstractTransferListenerAdapter - Downloaded https://repo.maven.apache.org/maven2/com/fasterxml/jackson/core/jackson-dataformat-xml/2.14.2/jackson-dataformat-xml-2.14.2.pom
2023-05-15 17:04:56,141 [Worker-87: Building] WARN  o.e.m.c.i.embedder.EclipseLogger - The POM for com.fasterxml.jackson.core:jackson-dataformat-xml:jar:2.14.2 is missing, no dependency information available
2023-05-15 17:04:56,446 [Worker-87: Building] INFO  o.e.m.c.i.e.AbstractTransferListenerAdapter - Downloaded https://repo.maven.apache.org/maven2/com/fasterxml/jackson/core/jackson-dataformat-xml/2.14.2/jackson-dataformat-xml-2.14.2.jar
2023-05-15 17:04:56,796 [Worker-87: Building] WARN  o.e.m.c.i.embedder.EclipseLogger - Using platform encoding (Cp1252 actually) to copy filtered resources, i.e. build is platform dependent!
2023-05-15 17:04:56,798 [Worker-87: Building] INFO  o.e.m.c.i.embedder.EclipseLogger - skip non existing resourceDirectory C:\Users\michi\OneDrive\Escritorio\Universidad\POO2\TPAdapter\Punto4\src\main\resources
2023-05-15 17:04:56,801 [Worker-87: Building] WARN  o.e.m.c.i.embedder.EclipseLogger - Using platform encoding (Cp1252 actually) to copy filtered resources, i.e. build is platform dependent!
2023-05-15 17:04:56,802 [Worker-87: Building] INFO  o.e.m.c.i.embedder.EclipseLogger - skip non existing resourceDirectory C:\Users\michi\OneDrive\Escritorio\Universidad\POO2\TPAdapter\Punto4\src\test\resources
2023-05-15 17:04:57,559 [Worker-85: Download sources and javadoc] WARN  o.e.m.c.i.embedder.EclipseLogger - The POM for com.fasterxml.jackson.core:jackson-dataformat-xml:jar:2.14.2 is missing, no dependency information available
2023-05-15 17:04:58,240 [Worker-85: Download sources and javadoc] INFO  o.e.m.c.i.e.AbstractTransferListenerAdapter - Downloaded https://repo.maven.apache.org/maven2/com/fasterxml/jackson/core/jackson-dataformat-xml/2.14.2/jackson-dataformat-xml-2.14.2-sources.jar
2023-05-15 17:04:58,268 [Worker-85: Download sources and javadoc] ERROR o.e.m.j.internal.DownloadSourcesJob - Could not download sources for com.fasterxml.jackson.core:jackson-dataformat-xml:2.14.2
org.eclipse.core.runtime.CoreException: Could not resolve artifact com.fasterxml.jackson.core:jackson-dataformat-xml:jar:sources:2.14.2
	at org.eclipse.m2e.core.internal.embedder.MavenImpl.lambda$4(MavenImpl.java:828)
	at org.eclipse.m2e.core.internal.embedder.MavenExecutionContext.executeBare(MavenExecutionContext.java:182)
	at org.eclipse.m2e.core.internal.embedder.MavenExecutionContext.execute(MavenExecutionContext.java:117)
	at org.eclipse.m2e.core.internal.embedder.MavenExecutionContext.execute(MavenExecutionContext.java:103)
	at org.eclipse.m2e.core.internal.embedder.MavenImpl.resolve(MavenImpl.java:796)
	at org.eclipse.m2e.core.internal.embedder.MavenImpl.resolve(MavenImpl.java:773)
	at org.eclipse.m2e.jdt.internal.DownloadSourcesJob.download(DownloadSourcesJob.java:311)
	at org.eclipse.m2e.jdt.internal.DownloadSourcesJob.downloadAttachments(DownloadSourcesJob.java:285)
	at org.eclipse.m2e.jdt.internal.DownloadSourcesJob.downloadMaven(DownloadSourcesJob.java:255)
	at org.eclipse.m2e.jdt.internal.DownloadSourcesJob.downloadFilesAndPopulateToUpdate(DownloadSourcesJob.java:223)
	at org.eclipse.m2e.jdt.internal.DownloadSourcesJob.lambda$0(DownloadSourcesJob.java:152)
	at org.eclipse.m2e.core.internal.embedder.MavenExecutionContext.executeBare(MavenExecutionContext.java:182)
	at org.eclipse.m2e.core.internal.embedder.MavenExecutionContext.execute(MavenExecutionContext.java:156)
	at org.eclipse.m2e.core.internal.embedder.MavenExecutionContext.execute(MavenExecutionContext.java:103)
	at org.eclipse.m2e.core.internal.embedder.MavenImpl.execute(MavenImpl.java:1416)
	at org.eclipse.m2e.jdt.internal.DownloadSourcesJob.run(DownloadSourcesJob.java:152)
	at org.eclipse.core.internal.jobs.Worker.run(Worker.java:63)
2023-05-15 17:05:03,506 [Worker-86: Building] INFO  o.e.m.c.i.l.LifecycleMappingFactory - Using org.eclipse.m2e.jdt.JarLifecycleMapping lifecycle mapping for MavenProject: Punto4:Punto4:0.0.1-SNAPSHOT @ C:\Users\michi\OneDrive\Escritorio\Universidad\POO2\TPAdapter\Punto4\pom.xml.
2023-05-15 17:05:03,520 [Worker-86: Building] WARN  o.e.m.c.i.embedder.EclipseLogger - The POM for com.fasterxml.jackson.core:jackson-dataformat-xml:jar:2.14.2 is missing, no dependency information available
2023-05-15 17:05:03,800 [Worker-86: Building] WARN  o.e.m.c.i.embedder.EclipseLogger - Using platform encoding (Cp1252 actually) to copy filtered resources, i.e. build is platform dependent!
2023-05-15 17:05:03,802 [Worker-86: Building] INFO  o.e.m.c.i.embedder.EclipseLogger - skip non existing resourceDirectory C:\Users\michi\OneDrive\Escritorio\Universidad\POO2\TPAdapter\Punto4\src\main\resources
2023-05-15 17:05:03,804 [Worker-86: Building] WARN  o.e.m.c.i.embedder.EclipseLogger - Using platform encoding (Cp1252 actually) to copy filtered resources, i.e. build is platform dependent!
2023-05-15 17:05:03,806 [Worker-86: Building] INFO  o.e.m.c.i.embedder.EclipseLogger - skip non existing resourceDirectory C:\Users\michi\OneDrive\Escritorio\Universidad\POO2\TPAdapter\Punto4\src\test\resources
2023-05-15 17:05:04,623 [Worker-85: Download sources and javadoc] WARN  o.e.m.c.i.embedder.EclipseLogger - The POM for com.fasterxml.jackson.core:jackson-dataformat-xml:jar:2.14.2 is missing, no dependency information available
2023-05-15 17:05:05,431 [Worker-85: Download sources and javadoc] INFO  o.e.m.c.i.e.AbstractTransferListenerAdapter - Downloaded https://repo.maven.apache.org/maven2/com/fasterxml/jackson/core/jackson-dataformat-xml/2.14.2/jackson-dataformat-xml-2.14.2-javadoc.jar
2023-05-15 17:05:05,435 [Worker-85: Download sources and javadoc] ERROR o.e.m.j.internal.DownloadSourcesJob - Could not download javadoc for com.fasterxml.jackson.core:jackson-dataformat-xml:2.14.2
org.eclipse.core.runtime.CoreException: Could not resolve artifact com.fasterxml.jackson.core:jackson-dataformat-xml:jar:javadoc:2.14.2
	at org.eclipse.m2e.core.internal.embedder.MavenImpl.lambda$4(MavenImpl.java:828)
	at org.eclipse.m2e.core.internal.embedder.MavenExecutionContext.executeBare(MavenExecutionContext.java:182)
	at org.eclipse.m2e.core.internal.embedder.MavenExecutionContext.execute(MavenExecutionContext.java:117)
	at org.eclipse.m2e.core.internal.embedder.MavenExecutionContext.execute(MavenExecutionContext.java:103)
	at org.eclipse.m2e.core.internal.embedder.MavenImpl.resolve(MavenImpl.java:796)
	at org.eclipse.m2e.core.internal.embedder.MavenImpl.resolve(MavenImpl.java:773)
	at org.eclipse.m2e.jdt.internal.DownloadSourcesJob.download(DownloadSourcesJob.java:311)
	at org.eclipse.m2e.jdt.internal.DownloadSourcesJob.downloadAttachments(DownloadSourcesJob.java:297)
	at org.eclipse.m2e.jdt.internal.DownloadSourcesJob.downloadMaven(DownloadSourcesJob.java:255)
	at org.eclipse.m2e.jdt.internal.DownloadSourcesJob.downloadFilesAndPopulateToUpdate(DownloadSourcesJob.java:223)
	at org.eclipse.m2e.jdt.internal.DownloadSourcesJob.lambda$0(DownloadSourcesJob.java:152)
	at org.eclipse.m2e.core.internal.embedder.MavenExecutionContext.executeBare(MavenExecutionContext.java:182)
	at org.eclipse.m2e.core.internal.embedder.MavenExecutionContext.execute(MavenExecutionContext.java:156)
	at org.eclipse.m2e.core.internal.embedder.MavenExecutionContext.execute(MavenExecutionContext.java:103)
	at org.eclipse.m2e.core.internal.embedder.MavenImpl.execute(MavenImpl.java:1416)
	at org.eclipse.m2e.jdt.internal.DownloadSourcesJob.run(DownloadSourcesJob.java:152)
	at org.eclipse.core.internal.jobs.Worker.run(Worker.java:63)
2023-05-15 17:05:16,338 [Worker-86: Building] INFO  o.e.m.c.i.l.LifecycleMappingFactory - Using org.eclipse.m2e.jdt.JarLifecycleMapping lifecycle mapping for MavenProject: Punto4:Punto4:0.0.1-SNAPSHOT @ C:\Users\michi\OneDrive\Escritorio\Universidad\POO2\TPAdapter\Punto4\pom.xml.
2023-05-15 17:05:16,350 [Worker-86: Building] WARN  o.e.m.c.i.embedder.EclipseLogger - The POM for com.fasterxml.jackson.core:jackson-dataformat-xml:jar:2.14.2 is missing, no dependency information available
2023-05-15 17:05:16,623 [Worker-86: Building] WARN  o.e.m.c.i.embedder.EclipseLogger - Using platform encoding (Cp1252 actually) to copy filtered resources, i.e. build is platform dependent!
2023-05-15 17:05:16,625 [Worker-86: Building] INFO  o.e.m.c.i.embedder.EclipseLogger - skip non existing resourceDirectory C:\Users\michi\OneDrive\Escritorio\Universidad\POO2\TPAdapter\Punto4\src\main\resources
2023-05-15 17:05:16,628 [Worker-86: Building] WARN  o.e.m.c.i.embedder.EclipseLogger - Using platform encoding (Cp1252 actually) to copy filtered resources, i.e. build is platform dependent!
2023-05-15 17:05:16,629 [Worker-86: Building] INFO  o.e.m.c.i.embedder.EclipseLogger - skip non existing resourceDirectory C:\Users\michi\OneDrive\Escritorio\Universidad\POO2\TPAdapter\Punto4\src\test\resources
2023-05-15 17:05:25,366 [Worker-86: Launching Main (3)] WARN  o.e.m.c.i.embedder.EclipseLogger - The POM for com.fasterxml.jackson.core:jackson-dataformat-xml:jar:2.14.2 is missing, no dependency information available
2023-05-15 17:05:25,385 [Worker-86: Launching Main (3)] WARN  o.e.m.c.i.embedder.EclipseLogger - Using platform encoding (Cp1252 actually) to copy filtered resources, i.e. build is platform dependent!
2023-05-15 17:05:25,390 [Worker-86: Launching Main (3)] INFO  o.e.m.c.i.embedder.EclipseLogger - skip non existing resourceDirectory C:\Users\michi\OneDrive\Escritorio\Universidad\POO2\TPAdapter\Punto4\src\main\resources
2023-05-15 17:05:25,400 [Worker-86: Launching Main (3)] WARN  o.e.m.c.i.embedder.EclipseLogger - Using platform encoding (Cp1252 actually) to copy filtered resources, i.e. build is platform dependent!
2023-05-15 17:05:25,402 [Worker-86: Launching Main (3)] INFO  o.e.m.c.i.embedder.EclipseLogger - skip non existing resourceDirectory C:\Users\michi\OneDrive\Escritorio\Universidad\POO2\TPAdapter\Punto4\src\test\resources
2023-05-15 17:05:49,947 [Worker-85: Building] WARN  o.e.m.c.i.embedder.EclipseLogger - Using platform encoding (Cp1252 actually) to copy filtered resources, i.e. build is platform dependent!
2023-05-15 17:05:49,949 [Worker-85: Building] INFO  o.e.m.c.i.embedder.EclipseLogger - skip non existing resourceDirectory C:\Users\michi\OneDrive\Escritorio\Universidad\POO2\TPAdapter\Punto4\src\main\resources
2023-05-15 17:05:49,950 [Worker-85: Building] WARN  o.e.m.c.i.embedder.EclipseLogger - Using platform encoding (Cp1252 actually) to copy filtered resources, i.e. build is platform dependent!
2023-05-15 17:05:49,952 [Worker-85: Building] INFO  o.e.m.c.i.embedder.EclipseLogger - skip non existing resourceDirectory C:\Users\michi\OneDrive\Escritorio\Universidad\POO2\TPAdapter\Punto4\src\test\resources
2023-05-15 17:06:03,321 [Worker-78: Building] WARN  o.e.m.c.i.embedder.EclipseLogger - Using platform encoding (Cp1252 actually) to copy filtered resources, i.e. build is platform dependent!
2023-05-15 17:06:03,322 [Worker-78: Building] INFO  o.e.m.c.i.embedder.EclipseLogger - skip non existing resourceDirectory C:\Users\michi\OneDrive\Escritorio\Universidad\POO2\TPAdapter\Punto4\src\main\resources
2023-05-15 17:06:03,324 [Worker-78: Building] WARN  o.e.m.c.i.embedder.EclipseLogger - Using platform encoding (Cp1252 actually) to copy filtered resources, i.e. build is platform dependent!
2023-05-15 17:06:03,325 [Worker-78: Building] INFO  o.e.m.c.i.embedder.EclipseLogger - skip non existing resourceDirectory C:\Users\michi\OneDrive\Escritorio\Universidad\POO2\TPAdapter\Punto4\src\test\resources
2023-05-15 17:08:00,492 [Worker-1: Loading available Gradle versions] INFO  o.e.b.c.i.u.g.PublishedGradleVersions - Gradle version information cache is up-to-date. Trying to read.
2023-05-15 17:09:12,311 [Worker-14: reload maven project] WARN  o.e.m.c.i.embedder.EclipseLogger - The POM for com.fasterxml.jackson.core:jackson-dataformat-xml:jar:2.14.2 is missing, no dependency information available
2023-05-15 17:09:36,134 [Worker-14: Building] INFO  o.e.m.c.i.l.LifecycleMappingFactory - Using org.eclipse.m2e.jdt.JarLifecycleMapping lifecycle mapping for MavenProject: Punto4:Punto4:0.0.1-SNAPSHOT @ C:\Users\michi\OneDrive\Escritorio\Universidad\POO2\TPAdapter\Punto4\pom.xml.
2023-05-15 17:09:36,178 [Worker-14: Building] WARN  o.e.m.c.i.embedder.EclipseLogger - The POM for com.fasterxml.jackson.core:jackson-dataformat-xml:jar:2.14.2 is missing, no dependency information available
2023-05-15 17:09:38,158 [Worker-14: Building] WARN  o.e.m.c.i.embedder.EclipseLogger - Using platform encoding (Cp1252 actually) to copy filtered resources, i.e. build is platform dependent!
2023-05-15 17:09:38,160 [Worker-14: Building] INFO  o.e.m.c.i.embedder.EclipseLogger - skip non existing resourceDirectory C:\Users\michi\OneDrive\Escritorio\Universidad\POO2\TPAdapter\Punto4\src\main\resources
2023-05-15 17:09:38,165 [Worker-14: Building] WARN  o.e.m.c.i.embedder.EclipseLogger - Using platform encoding (Cp1252 actually) to copy filtered resources, i.e. build is platform dependent!
2023-05-15 17:09:38,167 [Worker-14: Building] INFO  o.e.m.c.i.embedder.EclipseLogger - skip non existing resourceDirectory C:\Users\michi\OneDrive\Escritorio\Universidad\POO2\TPAdapter\Punto4\src\test\resources
2023-05-15 17:10:36,738 [Worker-9: reload maven project] WARN  o.e.m.c.i.embedder.EclipseLogger - The POM for com.fasterxml.jackson.core:jackson-dataformat-xml:jar:2.14.2 is missing, no dependency information available
2023-05-15 17:10:37,546 [Worker-15: Building] INFO  o.e.m.c.i.l.LifecycleMappingFactory - Using org.eclipse.m2e.jdt.JarLifecycleMapping lifecycle mapping for MavenProject: Punto4:Punto4:0.0.1-SNAPSHOT @ C:\Users\michi\OneDrive\Escritorio\Universidad\POO2\TPAdapter\Punto4\pom.xml.
2023-05-15 17:10:37,569 [Worker-15: Building] WARN  o.e.m.c.i.embedder.EclipseLogger - The POM for com.fasterxml.jackson.core:jackson-dataformat-xml:jar:2.14.2 is missing, no dependency information available
2023-05-15 17:10:38,417 [Worker-15: Building] WARN  o.e.m.c.i.embedder.EclipseLogger - Using platform encoding (Cp1252 actually) to copy filtered resources, i.e. build is platform dependent!
2023-05-15 17:10:38,419 [Worker-15: Building] INFO  o.e.m.c.i.embedder.EclipseLogger - skip non existing resourceDirectory C:\Users\michi\OneDrive\Escritorio\Universidad\POO2\TPAdapter\Punto4\src\main\resources
2023-05-15 17:10:38,424 [Worker-15: Building] WARN  o.e.m.c.i.embedder.EclipseLogger - Using platform encoding (Cp1252 actually) to copy filtered resources, i.e. build is platform dependent!
2023-05-15 17:10:38,425 [Worker-15: Building] INFO  o.e.m.c.i.embedder.EclipseLogger - skip non existing resourceDirectory C:\Users\michi\OneDrive\Escritorio\Universidad\POO2\TPAdapter\Punto4\src\test\resources
2023-05-15 17:10:42,279 [Worker-3: reload maven project] INFO  o.e.m.c.i.e.AbstractTransferListenerAdapter - Downloading https://repo.maven.apache.org/maven2/com/fasterxml/jackson/core/jackson-databind/2.4.4/jackson-databind-2.4.4.pom
2023-05-15 17:10:42,601 [Worker-3: reload maven project] INFO  o.e.m.c.i.e.AbstractTransferListenerAdapter - Downloaded https://repo.maven.apache.org/maven2/com/fasterxml/jackson/core/jackson-databind/2.4.4/jackson-databind-2.4.4.pom
2023-05-15 17:10:42,817 [Worker-3: reload maven project] INFO  o.e.m.c.i.e.AbstractTransferListenerAdapter - Downloading https://repo.maven.apache.org/maven2/com/fasterxml/jackson/core/jackson-core/2.4.4/jackson-core-2.4.4.pom
2023-05-15 17:10:43,008 [Worker-3: reload maven project] INFO  o.e.m.c.i.e.AbstractTransferListenerAdapter - Downloaded https://repo.maven.apache.org/maven2/com/fasterxml/jackson/core/jackson-core/2.4.4/jackson-core-2.4.4.pom
2023-05-15 17:10:43,195 [AetherRepositoryConnector-repo.maven.apache.org-0-0] INFO  o.e.m.c.i.e.AbstractTransferListenerAdapter - Downloading https://repo.maven.apache.org/maven2/com/fasterxml/jackson/core/jackson-databind/2.4.4/jackson-databind-2.4.4.jar
2023-05-15 17:10:43,373 [AetherRepositoryConnector-repo.maven.apache.org-0-1] INFO  o.e.m.c.i.e.AbstractTransferListenerAdapter - Downloading https://repo.maven.apache.org/maven2/com/fasterxml/jackson/core/jackson-annotations/2.4.0/jackson-annotations-2.4.0.jar
2023-05-15 17:10:43,373 [AetherRepositoryConnector-repo.maven.apache.org-0-2] INFO  o.e.m.c.i.e.AbstractTransferListenerAdapter - Downloading https://repo.maven.apache.org/maven2/com/fasterxml/jackson/core/jackson-core/2.4.4/jackson-core-2.4.4.jar
2023-05-15 17:10:45,082 [AetherRepositoryConnector-repo.maven.apache.org-0-1] INFO  o.e.m.c.i.e.AbstractTransferListenerAdapter - Downloaded https://repo.maven.apache.org/maven2/com/fasterxml/jackson/core/jackson-annotations/2.4.0/jackson-annotations-2.4.0.jar
2023-05-15 17:10:45,722 [AetherRepositoryConnector-repo.maven.apache.org-0-2] INFO  o.e.m.c.i.e.AbstractTransferListenerAdapter - Downloaded https://repo.maven.apache.org/maven2/com/fasterxml/jackson/core/jackson-core/2.4.4/jackson-core-2.4.4.jar
2023-05-15 17:10:46,868 [AetherRepositoryConnector-repo.maven.apache.org-0-0] INFO  o.e.m.c.i.e.AbstractTransferListenerAdapter - Downloaded https://repo.maven.apache.org/maven2/com/fasterxml/jackson/core/jackson-databind/2.4.4/jackson-databind-2.4.4.jar
2023-05-15 17:10:49,138 [Worker-7: Building] INFO  o.e.m.c.i.l.LifecycleMappingFactory - Using org.eclipse.m2e.jdt.JarLifecycleMapping lifecycle mapping for MavenProject: Punto4:Punto4:0.0.1-SNAPSHOT @ C:\Users\michi\OneDrive\Escritorio\Universidad\POO2\TPAdapter\Punto4\pom.xml.
2023-05-15 17:10:50,166 [Worker-7: Building] WARN  o.e.m.c.i.embedder.EclipseLogger - Using platform encoding (Cp1252 actually) to copy filtered resources, i.e. build is platform dependent!
2023-05-15 17:10:50,168 [Worker-7: Building] INFO  o.e.m.c.i.embedder.EclipseLogger - skip non existing resourceDirectory C:\Users\michi\OneDrive\Escritorio\Universidad\POO2\TPAdapter\Punto4\src\main\resources
2023-05-15 17:10:50,173 [Worker-7: Building] WARN  o.e.m.c.i.embedder.EclipseLogger - Using platform encoding (Cp1252 actually) to copy filtered resources, i.e. build is platform dependent!
2023-05-15 17:10:50,175 [Worker-7: Building] INFO  o.e.m.c.i.embedder.EclipseLogger - skip non existing resourceDirectory C:\Users\michi\OneDrive\Escritorio\Universidad\POO2\TPAdapter\Punto4\src\test\resources
2023-05-15 17:10:51,476 [Worker-15: Building] WARN  o.e.m.c.i.embedder.EclipseLogger - Using platform encoding (Cp1252 actually) to copy filtered resources, i.e. build is platform dependent!
2023-05-15 17:10:51,479 [Worker-15: Building] INFO  o.e.m.c.i.embedder.EclipseLogger - skip non existing resourceDirectory C:\Users\michi\OneDrive\Escritorio\Universidad\POO2\TPAdapter\Punto4\src\main\resources
2023-05-15 17:10:51,482 [Worker-15: Building] WARN  o.e.m.c.i.embedder.EclipseLogger - Using platform encoding (Cp1252 actually) to copy filtered resources, i.e. build is platform dependent!
2023-05-15 17:10:51,484 [Worker-15: Building] INFO  o.e.m.c.i.embedder.EclipseLogger - skip non existing resourceDirectory C:\Users\michi\OneDrive\Escritorio\Universidad\POO2\TPAdapter\Punto4\src\test\resources
2023-05-15 17:10:51,575 [Worker-16: Download sources and javadoc] INFO  o.e.m.c.i.e.AbstractTransferListenerAdapter - Downloading https://repo.maven.apache.org/maven2/com/fasterxml/jackson/core/jackson-databind/2.4.4/jackson-databind-2.4.4-sources.jar
2023-05-15 17:10:53,980 [Worker-16: Download sources and javadoc] INFO  o.e.m.c.i.e.AbstractTransferListenerAdapter - Downloaded https://repo.maven.apache.org/maven2/com/fasterxml/jackson/core/jackson-databind/2.4.4/jackson-databind-2.4.4-sources.jar
2023-05-15 17:10:54,458 [Worker-16: Download sources and javadoc] INFO  o.e.m.j.internal.DownloadSourcesJob - Downloaded sources for com.fasterxml.jackson.core:jackson-databind:2.4.4
2023-05-15 17:10:55,099 [Worker-16: Download sources and javadoc] INFO  o.e.m.c.i.e.AbstractTransferListenerAdapter - Downloading https://repo.maven.apache.org/maven2/com/fasterxml/jackson/core/jackson-annotations/2.4.0/jackson-annotations-2.4.0-sources.jar
2023-05-15 17:10:56,241 [Worker-16: Download sources and javadoc] INFO  o.e.m.c.i.e.AbstractTransferListenerAdapter - Downloaded https://repo.maven.apache.org/maven2/com/fasterxml/jackson/core/jackson-annotations/2.4.0/jackson-annotations-2.4.0-sources.jar
2023-05-15 17:10:57,136 [Worker-16: Download sources and javadoc] INFO  o.e.m.j.internal.DownloadSourcesJob - Downloaded sources for com.fasterxml.jackson.core:jackson-annotations:2.4.0
2023-05-15 17:10:57,970 [Worker-16: Download sources and javadoc] INFO  o.e.m.c.i.e.AbstractTransferListenerAdapter - Downloading https://repo.maven.apache.org/maven2/com/fasterxml/jackson/core/jackson-core/2.4.4/jackson-core-2.4.4-sources.jar
2023-05-15 17:10:59,142 [Worker-16: Download sources and javadoc] INFO  o.e.m.c.i.e.AbstractTransferListenerAdapter - Downloaded https://repo.maven.apache.org/maven2/com/fasterxml/jackson/core/jackson-core/2.4.4/jackson-core-2.4.4-sources.jar
2023-05-15 17:10:59,947 [Worker-16: Download sources and javadoc] INFO  o.e.m.j.internal.DownloadSourcesJob - Downloaded sources for com.fasterxml.jackson.core:jackson-core:2.4.4
2023-05-15 17:11:00,304 [Worker-8: Building] WARN  o.e.m.c.i.embedder.EclipseLogger - Using platform encoding (Cp1252 actually) to copy filtered resources, i.e. build is platform dependent!
2023-05-15 17:11:00,306 [Worker-8: Building] INFO  o.e.m.c.i.embedder.EclipseLogger - skip non existing resourceDirectory C:\Users\michi\OneDrive\Escritorio\Universidad\POO2\TPAdapter\Punto4\src\main\resources
2023-05-15 17:11:00,309 [Worker-8: Building] WARN  o.e.m.c.i.embedder.EclipseLogger - Using platform encoding (Cp1252 actually) to copy filtered resources, i.e. build is platform dependent!
2023-05-15 17:11:00,311 [Worker-8: Building] INFO  o.e.m.c.i.embedder.EclipseLogger - skip non existing resourceDirectory C:\Users\michi\OneDrive\Escritorio\Universidad\POO2\TPAdapter\Punto4\src\test\resources
2023-05-15 17:11:44,102 [Worker-12: Building] WARN  o.e.m.c.i.embedder.EclipseLogger - Using platform encoding (Cp1252 actually) to copy filtered resources, i.e. build is platform dependent!
2023-05-15 17:11:44,104 [Worker-12: Building] INFO  o.e.m.c.i.embedder.EclipseLogger - skip non existing resourceDirectory C:\Users\michi\OneDrive\Escritorio\Universidad\POO2\TPAdapter\Punto4\src\main\resources
2023-05-15 17:11:44,107 [Worker-12: Building] WARN  o.e.m.c.i.embedder.EclipseLogger - Using platform encoding (Cp1252 actually) to copy filtered resources, i.e. build is platform dependent!
2023-05-15 17:11:44,108 [Worker-12: Building] INFO  o.e.m.c.i.embedder.EclipseLogger - skip non existing resourceDirectory C:\Users\michi\OneDrive\Escritorio\Universidad\POO2\TPAdapter\Punto4\src\test\resources
2023-05-15 17:11:52,843 [Worker-2: Building] WARN  o.e.m.c.i.embedder.EclipseLogger - Using platform encoding (Cp1252 actually) to copy filtered resources, i.e. build is platform dependent!
2023-05-15 17:11:52,845 [Worker-2: Building] INFO  o.e.m.c.i.embedder.EclipseLogger - skip non existing resourceDirectory C:\Users\michi\OneDrive\Escritorio\Universidad\POO2\TPAdapter\Punto4\src\main\resources
2023-05-15 17:11:52,847 [Worker-2: Building] WARN  o.e.m.c.i.embedder.EclipseLogger - Using platform encoding (Cp1252 actually) to copy filtered resources, i.e. build is platform dependent!
2023-05-15 17:11:52,849 [Worker-2: Building] INFO  o.e.m.c.i.embedder.EclipseLogger - skip non existing resourceDirectory C:\Users\michi\OneDrive\Escritorio\Universidad\POO2\TPAdapter\Punto4\src\test\resources
2023-05-15 17:12:09,414 [Worker-5: Building] WARN  o.e.m.c.i.embedder.EclipseLogger - Using platform encoding (Cp1252 actually) to copy filtered resources, i.e. build is platform dependent!
2023-05-15 17:12:09,416 [Worker-5: Building] INFO  o.e.m.c.i.embedder.EclipseLogger - skip non existing resourceDirectory C:\Users\michi\OneDrive\Escritorio\Universidad\POO2\TPAdapter\Punto4\src\main\resources
2023-05-15 17:12:09,419 [Worker-5: Building] WARN  o.e.m.c.i.embedder.EclipseLogger - Using platform encoding (Cp1252 actually) to copy filtered resources, i.e. build is platform dependent!
2023-05-15 17:12:09,421 [Worker-5: Building] INFO  o.e.m.c.i.embedder.EclipseLogger - skip non existing resourceDirectory C:\Users\michi\OneDrive\Escritorio\Universidad\POO2\TPAdapter\Punto4\src\test\resources
2023-05-15 17:19:40,702 [Worker-18: Building] WARN  o.e.m.c.i.embedder.EclipseLogger - Using platform encoding (Cp1252 actually) to copy filtered resources, i.e. build is platform dependent!
2023-05-15 17:19:40,705 [Worker-18: Building] INFO  o.e.m.c.i.embedder.EclipseLogger - skip non existing resourceDirectory C:\Users\michi\OneDrive\Escritorio\Universidad\POO2\TPAdapter\Punto4\src\main\resources
2023-05-15 17:19:40,707 [Worker-18: Building] WARN  o.e.m.c.i.embedder.EclipseLogger - Using platform encoding (Cp1252 actually) to copy filtered resources, i.e. build is platform dependent!
2023-05-15 17:19:40,709 [Worker-18: Building] INFO  o.e.m.c.i.embedder.EclipseLogger - skip non existing resourceDirectory C:\Users\michi\OneDrive\Escritorio\Universidad\POO2\TPAdapter\Punto4\src\test\resources
2023-05-15 17:20:14,934 [Worker-17: Building] WARN  o.e.m.c.i.embedder.EclipseLogger - Using platform encoding (Cp1252 actually) to copy filtered resources, i.e. build is platform dependent!
2023-05-15 17:20:14,937 [Worker-17: Building] INFO  o.e.m.c.i.embedder.EclipseLogger - skip non existing resourceDirectory C:\Users\michi\OneDrive\Escritorio\Universidad\POO2\TPAdapter\Punto4\src\main\resources
2023-05-15 17:20:14,943 [Worker-17: Building] WARN  o.e.m.c.i.embedder.EclipseLogger - Using platform encoding (Cp1252 actually) to copy filtered resources, i.e. build is platform dependent!
2023-05-15 17:20:14,945 [Worker-17: Building] INFO  o.e.m.c.i.embedder.EclipseLogger - skip non existing resourceDirectory C:\Users\michi\OneDrive\Escritorio\Universidad\POO2\TPAdapter\Punto4\src\test\resources
2023-05-15 17:20:17,619 [Worker-18: Building] WARN  o.e.m.c.i.embedder.EclipseLogger - Using platform encoding (Cp1252 actually) to copy filtered resources, i.e. build is platform dependent!
2023-05-15 17:20:17,621 [Worker-18: Building] INFO  o.e.m.c.i.embedder.EclipseLogger - skip non existing resourceDirectory C:\Users\michi\OneDrive\Escritorio\Universidad\POO2\TPAdapter\Punto4\src\main\resources
2023-05-15 17:20:17,623 [Worker-18: Building] WARN  o.e.m.c.i.embedder.EclipseLogger - Using platform encoding (Cp1252 actually) to copy filtered resources, i.e. build is platform dependent!
2023-05-15 17:20:17,625 [Worker-18: Building] INFO  o.e.m.c.i.embedder.EclipseLogger - skip non existing resourceDirectory C:\Users\michi\OneDrive\Escritorio\Universidad\POO2\TPAdapter\Punto4\src\test\resources
2023-05-15 17:20:33,634 [Worker-19: Building] WARN  o.e.m.c.i.embedder.EclipseLogger - Using platform encoding (Cp1252 actually) to copy filtered resources, i.e. build is platform dependent!
2023-05-15 17:20:33,636 [Worker-19: Building] INFO  o.e.m.c.i.embedder.EclipseLogger - skip non existing resourceDirectory C:\Users\michi\OneDrive\Escritorio\Universidad\POO2\TPAdapter\Punto4\src\main\resources
2023-05-15 17:20:33,638 [Worker-19: Building] WARN  o.e.m.c.i.embedder.EclipseLogger - Using platform encoding (Cp1252 actually) to copy filtered resources, i.e. build is platform dependent!
2023-05-15 17:20:33,640 [Worker-19: Building] INFO  o.e.m.c.i.embedder.EclipseLogger - skip non existing resourceDirectory C:\Users\michi\OneDrive\Escritorio\Universidad\POO2\TPAdapter\Punto4\src\test\resources
2023-05-15 17:20:44,314 [Worker-19: Building] WARN  o.e.m.c.i.embedder.EclipseLogger - Using platform encoding (Cp1252 actually) to copy filtered resources, i.e. build is platform dependent!
2023-05-15 17:20:44,317 [Worker-19: Building] INFO  o.e.m.c.i.embedder.EclipseLogger - skip non existing resourceDirectory C:\Users\michi\OneDrive\Escritorio\Universidad\POO2\TPAdapter\Punto4\src\main\resources
2023-05-15 17:20:44,320 [Worker-19: Building] WARN  o.e.m.c.i.embedder.EclipseLogger - Using platform encoding (Cp1252 actually) to copy filtered resources, i.e. build is platform dependent!
2023-05-15 17:20:44,322 [Worker-19: Building] INFO  o.e.m.c.i.embedder.EclipseLogger - skip non existing resourceDirectory C:\Users\michi\OneDrive\Escritorio\Universidad\POO2\TPAdapter\Punto4\src\test\resources
2023-05-15 17:21:54,727 [Worker-18: Building] WARN  o.e.m.c.i.embedder.EclipseLogger - Using platform encoding (Cp1252 actually) to copy filtered resources, i.e. build is platform dependent!
2023-05-15 17:21:54,728 [Worker-18: Building] INFO  o.e.m.c.i.embedder.EclipseLogger - skip non existing resourceDirectory C:\Users\michi\OneDrive\Escritorio\Universidad\POO2\TPAdapter\Punto4\src\main\resources
2023-05-15 17:21:54,730 [Worker-18: Building] WARN  o.e.m.c.i.embedder.EclipseLogger - Using platform encoding (Cp1252 actually) to copy filtered resources, i.e. build is platform dependent!
2023-05-15 17:21:54,731 [Worker-18: Building] INFO  o.e.m.c.i.embedder.EclipseLogger - skip non existing resourceDirectory C:\Users\michi\OneDrive\Escritorio\Universidad\POO2\TPAdapter\Punto4\src\test\resources
2023-05-15 17:22:08,553 [Worker-17: Building] WARN  o.e.m.c.i.embedder.EclipseLogger - Using platform encoding (Cp1252 actually) to copy filtered resources, i.e. build is platform dependent!
2023-05-15 17:22:08,555 [Worker-17: Building] INFO  o.e.m.c.i.embedder.EclipseLogger - skip non existing resourceDirectory C:\Users\michi\OneDrive\Escritorio\Universidad\POO2\TPAdapter\Punto4\src\main\resources
2023-05-15 17:22:08,558 [Worker-17: Building] WARN  o.e.m.c.i.embedder.EclipseLogger - Using platform encoding (Cp1252 actually) to copy filtered resources, i.e. build is platform dependent!
2023-05-15 17:22:08,559 [Worker-17: Building] INFO  o.e.m.c.i.embedder.EclipseLogger - skip non existing resourceDirectory C:\Users\michi\OneDrive\Escritorio\Universidad\POO2\TPAdapter\Punto4\src\test\resources
2023-05-15 17:24:57,167 [Worker-22: Building] WARN  o.e.m.c.i.embedder.EclipseLogger - Using platform encoding (Cp1252 actually) to copy filtered resources, i.e. build is platform dependent!
2023-05-15 17:24:57,169 [Worker-22: Building] INFO  o.e.m.c.i.embedder.EclipseLogger - skip non existing resourceDirectory C:\Users\michi\OneDrive\Escritorio\Universidad\POO2\TPAdapter\Punto4\src\main\resources
2023-05-15 17:24:57,172 [Worker-22: Building] WARN  o.e.m.c.i.embedder.EclipseLogger - Using platform encoding (Cp1252 actually) to copy filtered resources, i.e. build is platform dependent!
2023-05-15 17:24:57,173 [Worker-22: Building] INFO  o.e.m.c.i.embedder.EclipseLogger - skip non existing resourceDirectory C:\Users\michi\OneDrive\Escritorio\Universidad\POO2\TPAdapter\Punto4\src\test\resources
2023-05-15 17:25:14,525 [Worker-21: Building] WARN  o.e.m.c.i.embedder.EclipseLogger - Using platform encoding (Cp1252 actually) to copy filtered resources, i.e. build is platform dependent!
2023-05-15 17:25:14,527 [Worker-21: Building] INFO  o.e.m.c.i.embedder.EclipseLogger - skip non existing resourceDirectory C:\Users\michi\OneDrive\Escritorio\Universidad\POO2\TPAdapter\Punto4\src\main\resources
2023-05-15 17:25:14,529 [Worker-21: Building] WARN  o.e.m.c.i.embedder.EclipseLogger - Using platform encoding (Cp1252 actually) to copy filtered resources, i.e. build is platform dependent!
2023-05-15 17:25:14,531 [Worker-21: Building] INFO  o.e.m.c.i.embedder.EclipseLogger - skip non existing resourceDirectory C:\Users\michi\OneDrive\Escritorio\Universidad\POO2\TPAdapter\Punto4\src\test\resources
2023-05-15 17:25:27,520 [Worker-4: Building] WARN  o.e.m.c.i.embedder.EclipseLogger - Using platform encoding (Cp1252 actually) to copy filtered resources, i.e. build is platform dependent!
2023-05-15 17:25:27,522 [Worker-4: Building] INFO  o.e.m.c.i.embedder.EclipseLogger - skip non existing resourceDirectory C:\Users\michi\OneDrive\Escritorio\Universidad\POO2\TPAdapter\Punto4\src\main\resources
2023-05-15 17:25:27,526 [Worker-4: Building] WARN  o.e.m.c.i.embedder.EclipseLogger - Using platform encoding (Cp1252 actually) to copy filtered resources, i.e. build is platform dependent!
2023-05-15 17:25:27,527 [Worker-4: Building] INFO  o.e.m.c.i.embedder.EclipseLogger - skip non existing resourceDirectory C:\Users\michi\OneDrive\Escritorio\Universidad\POO2\TPAdapter\Punto4\src\test\resources
2023-05-15 17:27:17,020 [Worker-4: Building] WARN  o.e.m.c.i.embedder.EclipseLogger - Using platform encoding (Cp1252 actually) to copy filtered resources, i.e. build is platform dependent!
2023-05-15 17:27:17,022 [Worker-4: Building] INFO  o.e.m.c.i.embedder.EclipseLogger - skip non existing resourceDirectory C:\Users\michi\OneDrive\Escritorio\Universidad\POO2\TPAdapter\Punto4\src\main\resources
2023-05-15 17:27:17,024 [Worker-4: Building] WARN  o.e.m.c.i.embedder.EclipseLogger - Using platform encoding (Cp1252 actually) to copy filtered resources, i.e. build is platform dependent!
2023-05-15 17:27:17,025 [Worker-4: Building] INFO  o.e.m.c.i.embedder.EclipseLogger - skip non existing resourceDirectory C:\Users\michi\OneDrive\Escritorio\Universidad\POO2\TPAdapter\Punto4\src\test\resources
2023-05-15 17:28:29,120 [Worker-4: Building] WARN  o.e.m.c.i.embedder.EclipseLogger - Using platform encoding (Cp1252 actually) to copy filtered resources, i.e. build is platform dependent!
2023-05-15 17:28:29,124 [Worker-4: Building] INFO  o.e.m.c.i.embedder.EclipseLogger - skip non existing resourceDirectory C:\Users\michi\OneDrive\Escritorio\Universidad\POO2\TPAdapter\Punto4\src\main\resources
2023-05-15 17:28:29,126 [Worker-4: Building] WARN  o.e.m.c.i.embedder.EclipseLogger - Using platform encoding (Cp1252 actually) to copy filtered resources, i.e. build is platform dependent!
2023-05-15 17:28:29,128 [Worker-4: Building] INFO  o.e.m.c.i.embedder.EclipseLogger - skip non existing resourceDirectory C:\Users\michi\OneDrive\Escritorio\Universidad\POO2\TPAdapter\Punto4\src\test\resources
2023-05-15 17:28:47,660 [Worker-23: Building] WARN  o.e.m.c.i.embedder.EclipseLogger - Using platform encoding (Cp1252 actually) to copy filtered resources, i.e. build is platform dependent!
2023-05-15 17:28:47,662 [Worker-23: Building] INFO  o.e.m.c.i.embedder.EclipseLogger - skip non existing resourceDirectory C:\Users\michi\OneDrive\Escritorio\Universidad\POO2\TPAdapter\Punto4\src\main\resources
2023-05-15 17:28:47,663 [Worker-23: Building] WARN  o.e.m.c.i.embedder.EclipseLogger - Using platform encoding (Cp1252 actually) to copy filtered resources, i.e. build is platform dependent!
2023-05-15 17:28:47,665 [Worker-23: Building] INFO  o.e.m.c.i.embedder.EclipseLogger - skip non existing resourceDirectory C:\Users\michi\OneDrive\Escritorio\Universidad\POO2\TPAdapter\Punto4\src\test\resources
2023-05-15 17:29:11,490 [Worker-19: Building] WARN  o.e.m.c.i.embedder.EclipseLogger - Using platform encoding (Cp1252 actually) to copy filtered resources, i.e. build is platform dependent!
2023-05-15 17:29:11,492 [Worker-19: Building] INFO  o.e.m.c.i.embedder.EclipseLogger - skip non existing resourceDirectory C:\Users\michi\OneDrive\Escritorio\Universidad\POO2\TPAdapter\Punto4\src\main\resources
2023-05-15 17:29:11,494 [Worker-19: Building] WARN  o.e.m.c.i.embedder.EclipseLogger - Using platform encoding (Cp1252 actually) to copy filtered resources, i.e. build is platform dependent!
2023-05-15 17:29:11,495 [Worker-19: Building] INFO  o.e.m.c.i.embedder.EclipseLogger - skip non existing resourceDirectory C:\Users\michi\OneDrive\Escritorio\Universidad\POO2\TPAdapter\Punto4\src\test\resources
2023-05-15 17:29:33,577 [Worker-21: Building] WARN  o.e.m.c.i.embedder.EclipseLogger - Using platform encoding (Cp1252 actually) to copy filtered resources, i.e. build is platform dependent!
2023-05-15 17:29:33,579 [Worker-21: Building] INFO  o.e.m.c.i.embedder.EclipseLogger - skip non existing resourceDirectory C:\Users\michi\OneDrive\Escritorio\Universidad\POO2\TPAdapter\Punto4\src\main\resources
2023-05-15 17:29:33,580 [Worker-21: Building] WARN  o.e.m.c.i.embedder.EclipseLogger - Using platform encoding (Cp1252 actually) to copy filtered resources, i.e. build is platform dependent!
2023-05-15 17:29:33,583 [Worker-21: Building] INFO  o.e.m.c.i.embedder.EclipseLogger - skip non existing resourceDirectory C:\Users\michi\OneDrive\Escritorio\Universidad\POO2\TPAdapter\Punto4\src\test\resources
2023-05-15 17:29:44,101 [Worker-24: Building] WARN  o.e.m.c.i.embedder.EclipseLogger - Using platform encoding (Cp1252 actually) to copy filtered resources, i.e. build is platform dependent!
2023-05-15 17:29:44,103 [Worker-24: Building] INFO  o.e.m.c.i.embedder.EclipseLogger - skip non existing resourceDirectory C:\Users\michi\OneDrive\Escritorio\Universidad\POO2\TPAdapter\Punto4\src\main\resources
2023-05-15 17:29:44,105 [Worker-24: Building] WARN  o.e.m.c.i.embedder.EclipseLogger - Using platform encoding (Cp1252 actually) to copy filtered resources, i.e. build is platform dependent!
2023-05-15 17:29:44,107 [Worker-24: Building] INFO  o.e.m.c.i.embedder.EclipseLogger - skip non existing resourceDirectory C:\Users\michi\OneDrive\Escritorio\Universidad\POO2\TPAdapter\Punto4\src\test\resources
2023-05-15 18:13:11,959 [Worker-21: Building] WARN  o.e.m.c.i.embedder.EclipseLogger - Using platform encoding (Cp1252 actually) to copy filtered resources, i.e. build is platform dependent!
2023-05-15 18:13:11,961 [Worker-21: Building] INFO  o.e.m.c.i.embedder.EclipseLogger - skip non existing resourceDirectory C:\Users\michi\OneDrive\Escritorio\Universidad\POO2\TPAdapter\Punto4\src\main\resources
2023-05-15 18:13:11,963 [Worker-21: Building] WARN  o.e.m.c.i.embedder.EclipseLogger - Using platform encoding (Cp1252 actually) to copy filtered resources, i.e. build is platform dependent!
2023-05-15 18:13:11,965 [Worker-21: Building] INFO  o.e.m.c.i.embedder.EclipseLogger - skip non existing resourceDirectory C:\Users\michi\OneDrive\Escritorio\Universidad\POO2\TPAdapter\Punto4\src\test\resources
2023-05-15 18:13:46,612 [Worker-22: Building] WARN  o.e.m.c.i.embedder.EclipseLogger - Using platform encoding (Cp1252 actually) to copy filtered resources, i.e. build is platform dependent!
2023-05-15 18:13:46,614 [Worker-22: Building] INFO  o.e.m.c.i.embedder.EclipseLogger - skip non existing resourceDirectory C:\Users\michi\OneDrive\Escritorio\Universidad\POO2\TPAdapter\Punto4\src\main\resources
2023-05-15 18:13:46,616 [Worker-22: Building] WARN  o.e.m.c.i.embedder.EclipseLogger - Using platform encoding (Cp1252 actually) to copy filtered resources, i.e. build is platform dependent!
2023-05-15 18:13:46,617 [Worker-22: Building] INFO  o.e.m.c.i.embedder.EclipseLogger - skip non existing resourceDirectory C:\Users\michi\OneDrive\Escritorio\Universidad\POO2\TPAdapter\Punto4\src\test\resources
2023-05-15 18:14:15,227 [Worker-27: Building] WARN  o.e.m.c.i.embedder.EclipseLogger - Using platform encoding (Cp1252 actually) to copy filtered resources, i.e. build is platform dependent!
2023-05-15 18:14:15,229 [Worker-27: Building] INFO  o.e.m.c.i.embedder.EclipseLogger - skip non existing resourceDirectory C:\Users\michi\OneDrive\Escritorio\Universidad\POO2\TPAdapter\Punto4\src\main\resources
2023-05-15 18:14:15,231 [Worker-27: Building] WARN  o.e.m.c.i.embedder.EclipseLogger - Using platform encoding (Cp1252 actually) to copy filtered resources, i.e. build is platform dependent!
2023-05-15 18:14:15,233 [Worker-27: Building] INFO  o.e.m.c.i.embedder.EclipseLogger - skip non existing resourceDirectory C:\Users\michi\OneDrive\Escritorio\Universidad\POO2\TPAdapter\Punto4\src\test\resources
2023-05-15 18:14:54,464 [Worker-27: Building] WARN  o.e.m.c.i.embedder.EclipseLogger - Using platform encoding (Cp1252 actually) to copy filtered resources, i.e. build is platform dependent!
2023-05-15 18:14:54,466 [Worker-27: Building] INFO  o.e.m.c.i.embedder.EclipseLogger - skip non existing resourceDirectory C:\Users\michi\OneDrive\Escritorio\Universidad\POO2\TPAdapter\Punto4\src\main\resources
2023-05-15 18:14:54,468 [Worker-27: Building] WARN  o.e.m.c.i.embedder.EclipseLogger - Using platform encoding (Cp1252 actually) to copy filtered resources, i.e. build is platform dependent!
2023-05-15 18:14:54,470 [Worker-27: Building] INFO  o.e.m.c.i.embedder.EclipseLogger - skip non existing resourceDirectory C:\Users\michi\OneDrive\Escritorio\Universidad\POO2\TPAdapter\Punto4\src\test\resources
2023-05-15 18:14:55,494 [Worker-25: Building] WARN  o.e.m.c.i.embedder.EclipseLogger - Using platform encoding (Cp1252 actually) to copy filtered resources, i.e. build is platform dependent!
2023-05-15 18:14:55,496 [Worker-25: Building] INFO  o.e.m.c.i.embedder.EclipseLogger - skip non existing resourceDirectory C:\Users\michi\OneDrive\Escritorio\Universidad\POO2\TPAdapter\Punto4\src\main\resources
2023-05-15 18:14:55,498 [Worker-25: Building] WARN  o.e.m.c.i.embedder.EclipseLogger - Using platform encoding (Cp1252 actually) to copy filtered resources, i.e. build is platform dependent!
2023-05-15 18:14:55,500 [Worker-25: Building] INFO  o.e.m.c.i.embedder.EclipseLogger - skip non existing resourceDirectory C:\Users\michi\OneDrive\Escritorio\Universidad\POO2\TPAdapter\Punto4\src\test\resources
2023-05-15 18:15:07,723 [Worker-22: Building] WARN  o.e.m.c.i.embedder.EclipseLogger - Using platform encoding (Cp1252 actually) to copy filtered resources, i.e. build is platform dependent!
2023-05-15 18:15:07,724 [Worker-22: Building] INFO  o.e.m.c.i.embedder.EclipseLogger - skip non existing resourceDirectory C:\Users\michi\OneDrive\Escritorio\Universidad\POO2\TPAdapter\Punto4\src\main\resources
2023-05-15 18:15:07,726 [Worker-22: Building] WARN  o.e.m.c.i.embedder.EclipseLogger - Using platform encoding (Cp1252 actually) to copy filtered resources, i.e. build is platform dependent!
2023-05-15 18:15:07,727 [Worker-22: Building] INFO  o.e.m.c.i.embedder.EclipseLogger - skip non existing resourceDirectory C:\Users\michi\OneDrive\Escritorio\Universidad\POO2\TPAdapter\Punto4\src\test\resources
2023-05-15 18:15:17,360 [Worker-22: Building] WARN  o.e.m.c.i.embedder.EclipseLogger - Using platform encoding (Cp1252 actually) to copy filtered resources, i.e. build is platform dependent!
2023-05-15 18:15:17,362 [Worker-22: Building] INFO  o.e.m.c.i.embedder.EclipseLogger - skip non existing resourceDirectory C:\Users\michi\OneDrive\Escritorio\Universidad\POO2\TPAdapter\Punto4\src\main\resources
2023-05-15 18:15:17,364 [Worker-22: Building] WARN  o.e.m.c.i.embedder.EclipseLogger - Using platform encoding (Cp1252 actually) to copy filtered resources, i.e. build is platform dependent!
2023-05-15 18:15:17,365 [Worker-22: Building] INFO  o.e.m.c.i.embedder.EclipseLogger - skip non existing resourceDirectory C:\Users\michi\OneDrive\Escritorio\Universidad\POO2\TPAdapter\Punto4\src\test\resources
